<?xml version="1.0" encoding="UTF-8"?>
<!-- Generated by org.testng.reporters.JUnitXMLReporter -->
<testsuite ignored="3" hostname="LAPTOP-9ISNVLCA" failures="0" tests="2" name="Default test(failed)" time="0.038" errors="0" timestamp="2021-11-19T11:22:37 IST">
  <testcase classname="testNGpractice.DependenceOnMethodExample" name="testDependency2" time="0.007"/>
  <testcase classname="testNGpractice.DependenceOnMethodExample" name="testDependency1" time="0.0"/>
  <testcase classname="testNGpractice.DependenceOnMethodExample" name="testDependency4" time="0.0">
    <ignored/>
  </testcase> <!-- testDependency4 -->
  <testcase classname="testNGpractice.DependenceOnMethodExample" name="testDependency3" time="0.0">
    <ignored/>
  </testcase> <!-- testDependency3 -->
  <testcase classname="testNGpractice.DependenceOnMethodExample" name="testDependency5" time="0.0">
    <ignored/>
  </testcase> <!-- testDependency5 -->
</testsuite> <!-- Default test(failed) -->
