<?xml version="1.0" encoding="UTF-8"?>
<!-- Generated by org.testng.reporters.JUnitXMLReporter -->
<testsuite ignored="1" hostname="LAPTOP-9ISNVLCA" failures="0" tests="2" name="test2" time="0.007" errors="0" timestamp="2021-11-10T12:10:30 IST">
  <testcase classname="testNG.CarLoan" name="apiCarLoan" time="0.001"/>
  <testcase classname="testNG.CarLoan" name="mobileCarLoan" time="0.0"/>
  <testcase classname="testNG.CarLoan" name="WebCarLoan" time="0.0">
    <ignored/>
  </testcase> <!-- WebCarLoan -->
</testsuite> <!-- test2 -->
