<?xml version="1.0" encoding="UTF-8"?>
<!-- Generated by org.testng.reporters.JUnitXMLReporter -->
<testsuite ignored="2" hostname="LAPTOP-9ISNVLCA" failures="0" tests="1" name="Test" time="0.039" errors="0" timestamp="2021-11-20T11:33:56 IST">
  <testcase classname="testNG.GroupsExample" name="smokeTest" time="0.006"/>
  <testcase classname="testNG.GroupsExample" name="regressionTest" time="0.0">
    <ignored/>
  </testcase> <!-- regressionTest -->
  <testcase classname="testNG.GroupsExample" name="sanityTest" time="0.0">
    <ignored/>
  </testcase> <!-- sanityTest -->
</testsuite> <!-- Test -->
